<?xml version="1.0" encoding="UTF-8"?>
<!-- Generated by org.testng.reporters.JUnitReportReporter -->
<testsuite hostname="DESKTOP-L8VPHJS" failures="0" tests="3" name="runners.GooglePageRunner" time="24.823" errors="0" timestamp="2022-09-22T13:00:58 IST" skipped="0">
  <testcase classname="runners.GooglePageRunner" name="runScenario" time="8.535"/>
  <system-out/>
  <testcase classname="runners.GooglePageRunner" name="runScenario" time="9.102"/>
  <system-out/>
  <testcase classname="runners.GooglePageRunner" name="runScenario" time="7.186"/>
  <system-out/>
</testsuite> <!-- runners.GooglePageRunner -->
