<?xml version="1.0" encoding="UTF-8"?>
<!-- Generated by org.testng.reporters.JUnitReportReporter -->
<testsuite hostname="DESKTOP-L8VPHJS" failures="0" tests="2" name="runners.CrmRunner" time="0.104" errors="0" timestamp="2022-09-23T12:58:36 IST" skipped="0">
  <testcase classname="runners.CrmRunner" name="runScenario" time="0.089"/>
  <system-out/>
  <testcase classname="runners.CrmRunner" name="runScenario" time="0.015"/>
  <system-out/>
</testsuite> <!-- runners.CrmRunner -->
